{
  "stats": {
    "suites": 3,
    "tests": 7,
    "passes": 7,
    "pending": 0,
    "failures": 0,
    "start": "2017-09-17T04:51:54.501Z",
    "end": "2017-09-17T04:52:03.895Z",
    "duration": 9394,
    "testsRegistered": 7,
    "passPercent": 100,
    "pendingPercent": 0,
    "other": 0,
    "hasOther": false,
    "skipped": 0,
    "hasSkipped": false,
    "passPercentClass": "success",
    "pendingPercentClass": "danger"
  },
  "suites": {
    "title": "",
    "suites": [
      {
        "title": "hooks",
        "suites": [
          {
            "title": "test",
            "suites": [],
            "tests": [
              {
                "title": "打开浏览器输入网址",
                "fullTitle": "hooks test 打开浏览器输入网址",
                "timedOut": false,
                "duration": 1733,
                "state": "passed",
                "speed": "slow",
                "pass": true,
                "fail": false,
                "pending": false,
                "code": "async function () {\n            await driver.get(\"http://192.168.24.129:3000/\")\n            driver.sleep(3000)",
                "err": {},
                "isRoot": false,
                "uuid": "cada71c9-9e26-479a-924a-d66165970bfb",
                "parentUUID": "af610ace-e086-459b-a763-6f32380b6458",
                "isHook": false,
                "skipped": false
              },
              {
                "title": "点击注册",
                "fullTitle": "hooks test 点击注册",
                "timedOut": false,
                "duration": 438,
                "state": "passed",
                "speed": "slow",
                "pass": true,
                "fail": false,
                "pending": false,
                "code": "async function () {\n            await driver.findElement({ linkText: '注册' }).click();",
                "err": {},
                "isRoot": false,
                "uuid": "3c9b9152-07b7-4df2-b2ed-503a29e55c51",
                "parentUUID": "af610ace-e086-459b-a763-6f32380b6458",
                "isHook": false,
                "skipped": false
              },
              {
                "title": "输入注册信息，修改数据库",
                "fullTitle": "hooks test 输入注册信息，修改数据库",
                "timedOut": false,
                "duration": 1331,
                "state": "passed",
                "speed": "slow",
                "pass": true,
                "fail": false,
                "pending": false,
                "code": "async \n            let user = Date.now();\n            await driver.findElement({ id: 'loginname' }).sendKeys(user);\n            await driver.findElement({ id: 'pass' }).sendKeys('123456');\n            await driver.findElement({ id: 're_pass' }).sendKeys('123456');\n            await driver.findElement({ id: 'email' }).sendKeys(`${user}@domain.com`);\n            await driver.findElement({ className: 'span-primary' }).submit().then(() => {\n                MongoClient.connect(url, function (err, db) {\n                    assert.equal(null, err);\n                    console.log(\"Connected correctly to server\");\n                    let collection = db.collection(\"users\")\n                    collection.findOne({ name: `${user}` }, function (err, docs) {\n                        console.log(docs.name)\n                        assert.equal(err, null)\n                        assert.equal(`${user}`, docs.name)\n                    })\n                    collection.updateOne({ name: `${user}` }, { $set: { \"active\": true } }, function (err, docs) {\n                        assert.equal(null, err);\n                        // console.log(docs)\n                    })\n                    db.close();\n                });\n            });",
                "err": {},
                "isRoot": false,
                "uuid": "c1e15afe-3346-48d1-8f87-912253039d74",
                "parentUUID": "af610ace-e086-459b-a763-6f32380b6458",
                "isHook": false,
                "skipped": false
              }
            ],
            "pending": [],
            "root": false,
            "_timeout": 60000,
            "file": "\\test.js",
            "uuid": "af610ace-e086-459b-a763-6f32380b6458",
            "beforeHooks": [
              {
                "title": "\"before all\" hook",
                "fullTitle": "hooks test \"before all\" hook",
                "timedOut": false,
                "duration": 3136,
                "pass": false,
                "fail": false,
                "pending": false,
                "code": "async function () {\n            await driver.manage().window().maximize()",
                "err": {},
                "isRoot": false,
                "uuid": "568fa2cd-5502-4b90-b2aa-3578b181d6b0",
                "parentUUID": "af610ace-e086-459b-a763-6f32380b6458",
                "isHook": true,
                "skipped": false
              },
              {
                "title": "\"before each\" hook",
                "fullTitle": "hooks test \"before each\" hook",
                "timedOut": false,
                "duration": 0,
                "pass": false,
                "fail": false,
                "pending": false,
                "code": "console.log(\"beforeeach\")",
                "err": {},
                "isRoot": false,
                "uuid": "fd94c101-bf57-4f20-982a-ba0fef0fa946",
                "parentUUID": "af610ace-e086-459b-a763-6f32380b6458",
                "isHook": true,
                "skipped": false
              }
            ],
            "afterHooks": [
              {
                "title": "\"after all\" hook",
                "fullTitle": "hooks test \"after all\" hook",
                "timedOut": false,
                "duration": 0,
                "pass": false,
                "fail": false,
                "pending": false,
                "code": "async function () {\n            // await driver.quit();",
                "err": {},
                "isRoot": false,
                "uuid": "e3eda73a-337e-40d5-a94a-9f97aa4a4643",
                "parentUUID": "af610ace-e086-459b-a763-6f32380b6458",
                "isHook": true,
                "skipped": false
              },
              {
                "title": "\"after each\" hook",
                "fullTitle": "hooks test \"after each\" hook",
                "timedOut": false,
                "duration": 488,
                "pass": false,
                "fail": false,
                "pending": false,
                "code": "async function () {\n            console.log(\"aftereach....\")\n            // // let user = new Date().valueOf()\n            await driver.takeScreenshot().then(function (imagedata) {    // 截图\n                return fs.writeFileSync(\"tupain/\" + user + '.png', imagedata, 'base64')\n            })",
                "err": {},
                "isRoot": false,
                "uuid": "47f333dc-3c23-41cb-bbc0-49d7e0766a4b",
                "parentUUID": "af610ace-e086-459b-a763-6f32380b6458",
                "isHook": true,
                "skipped": false
              }
            ],
            "fullFile": "D:\\testing\\2017-09-10\\test.js",
            "passes": [
              {
                "title": "打开浏览器输入网址",
                "fullTitle": "hooks test 打开浏览器输入网址",
                "timedOut": false,
                "duration": 1733,
                "state": "passed",
                "speed": "slow",
                "pass": true,
                "fail": false,
                "pending": false,
                "code": "async function () {\n            await driver.get(\"http://192.168.24.129:3000/\")\n            driver.sleep(3000)",
                "err": {},
                "isRoot": false,
                "uuid": "cada71c9-9e26-479a-924a-d66165970bfb",
                "parentUUID": "af610ace-e086-459b-a763-6f32380b6458",
                "isHook": false,
                "skipped": false
              },
              {
                "title": "点击注册",
                "fullTitle": "hooks test 点击注册",
                "timedOut": false,
                "duration": 438,
                "state": "passed",
                "speed": "slow",
                "pass": true,
                "fail": false,
                "pending": false,
                "code": "async function () {\n            await driver.findElement({ linkText: '注册' }).click();",
                "err": {},
                "isRoot": false,
                "uuid": "3c9b9152-07b7-4df2-b2ed-503a29e55c51",
                "parentUUID": "af610ace-e086-459b-a763-6f32380b6458",
                "isHook": false,
                "skipped": false
              },
              {
                "title": "输入注册信息，修改数据库",
                "fullTitle": "hooks test 输入注册信息，修改数据库",
                "timedOut": false,
                "duration": 1331,
                "state": "passed",
                "speed": "slow",
                "pass": true,
                "fail": false,
                "pending": false,
                "code": "async \n            let user = Date.now();\n            await driver.findElement({ id: 'loginname' }).sendKeys(user);\n            await driver.findElement({ id: 'pass' }).sendKeys('123456');\n            await driver.findElement({ id: 're_pass' }).sendKeys('123456');\n            await driver.findElement({ id: 'email' }).sendKeys(`${user}@domain.com`);\n            await driver.findElement({ className: 'span-primary' }).submit().then(() => {\n                MongoClient.connect(url, function (err, db) {\n                    assert.equal(null, err);\n                    console.log(\"Connected correctly to server\");\n                    let collection = db.collection(\"users\")\n                    collection.findOne({ name: `${user}` }, function (err, docs) {\n                        console.log(docs.name)\n                        assert.equal(err, null)\n                        assert.equal(`${user}`, docs.name)\n                    })\n                    collection.updateOne({ name: `${user}` }, { $set: { \"active\": true } }, function (err, docs) {\n                        assert.equal(null, err);\n                        // console.log(docs)\n                    })\n                    db.close();\n                });\n            });",
                "err": {},
                "isRoot": false,
                "uuid": "c1e15afe-3346-48d1-8f87-912253039d74",
                "parentUUID": "af610ace-e086-459b-a763-6f32380b6458",
                "isHook": false,
                "skipped": false
              }
            ],
            "failures": [],
            "skipped": [],
            "hasBeforeHooks": true,
            "hasAfterHooks": true,
            "hasTests": true,
            "hasSuites": false,
            "totalTests": 3,
            "totalPasses": 3,
            "totalFailures": 0,
            "totalPending": 0,
            "totalSkipped": 0,
            "hasPasses": true,
            "hasFailures": false,
            "hasPending": false,
            "hasSkipped": false,
            "duration": 3502,
            "rootEmpty": false
          },
          {
            "title": "登录功能",
            "suites": [],
            "tests": [
              {
                "title": "打开首页",
                "fullTitle": "hooks 登录功能 打开首页",
                "timedOut": false,
                "duration": 350,
                "state": "passed",
                "speed": "slow",
                "pass": true,
                "fail": false,
                "pending": false,
                "code": "async \n            await driver.get('http://192.168.24.129:3000/');",
                "err": {},
                "isRoot": false,
                "uuid": "dee47812-5e45-4810-adbb-14275307b7fc",
                "parentUUID": "f0e6535e-ab90-495b-8ab5-93291822d8d3",
                "isHook": false,
                "skipped": false
              },
              {
                "title": "点击登录按钮",
                "fullTitle": "hooks 登录功能 点击登录按钮",
                "timedOut": false,
                "duration": 289,
                "state": "passed",
                "speed": "slow",
                "pass": true,
                "fail": false,
                "pending": false,
                "code": "async \n            await driver.findElement({ linkText: '登录' }).click();",
                "err": {},
                "isRoot": false,
                "uuid": "cbde205b-9bf9-4364-aa16-17ab9ea44f2f",
                "parentUUID": "f0e6535e-ab90-495b-8ab5-93291822d8d3",
                "isHook": false,
                "skipped": false
              },
              {
                "title": "输入用户名和密码",
                "fullTitle": "hooks 登录功能 输入用户名和密码",
                "timedOut": false,
                "duration": 262,
                "state": "passed",
                "speed": "slow",
                "pass": true,
                "fail": false,
                "pending": false,
                "code": "async \n            await driver.findElement({ id: 'name' }).sendKeys(user);\n            await driver.findElement({ id: 'pass' }).sendKeys('123456');",
                "err": {},
                "isRoot": false,
                "uuid": "2b047fea-b2ce-4e85-81ce-1ec89118e8fd",
                "parentUUID": "f0e6535e-ab90-495b-8ab5-93291822d8d3",
                "isHook": false,
                "skipped": false
              },
              {
                "title": "点击登录",
                "fullTitle": "hooks 登录功能 点击登录",
                "timedOut": false,
                "duration": 286,
                "state": "passed",
                "speed": "slow",
                "pass": true,
                "fail": false,
                "pending": false,
                "code": "async \n            await driver.findElement(By.css(\"#signin_form > div.form-actions > input\")).click();",
                "err": {},
                "isRoot": false,
                "uuid": "f70e13d8-1d05-459b-ad2c-a73a752d13a3",
                "parentUUID": "f0e6535e-ab90-495b-8ab5-93291822d8d3",
                "isHook": false,
                "skipped": false
              }
            ],
            "pending": [],
            "root": false,
            "_timeout": 2000,
            "file": "\\test.js",
            "uuid": "f0e6535e-ab90-495b-8ab5-93291822d8d3",
            "beforeHooks": [],
            "afterHooks": [],
            "fullFile": "D:\\testing\\2017-09-10\\test.js",
            "passes": [
              {
                "title": "打开首页",
                "fullTitle": "hooks 登录功能 打开首页",
                "timedOut": false,
                "duration": 350,
                "state": "passed",
                "speed": "slow",
                "pass": true,
                "fail": false,
                "pending": false,
                "code": "async \n            await driver.get('http://192.168.24.129:3000/');",
                "err": {},
                "isRoot": false,
                "uuid": "dee47812-5e45-4810-adbb-14275307b7fc",
                "parentUUID": "f0e6535e-ab90-495b-8ab5-93291822d8d3",
                "isHook": false,
                "skipped": false
              },
              {
                "title": "点击登录按钮",
                "fullTitle": "hooks 登录功能 点击登录按钮",
                "timedOut": false,
                "duration": 289,
                "state": "passed",
                "speed": "slow",
                "pass": true,
                "fail": false,
                "pending": false,
                "code": "async \n            await driver.findElement({ linkText: '登录' }).click();",
                "err": {},
                "isRoot": false,
                "uuid": "cbde205b-9bf9-4364-aa16-17ab9ea44f2f",
                "parentUUID": "f0e6535e-ab90-495b-8ab5-93291822d8d3",
                "isHook": false,
                "skipped": false
              },
              {
                "title": "输入用户名和密码",
                "fullTitle": "hooks 登录功能 输入用户名和密码",
                "timedOut": false,
                "duration": 262,
                "state": "passed",
                "speed": "slow",
                "pass": true,
                "fail": false,
                "pending": false,
                "code": "async \n            await driver.findElement({ id: 'name' }).sendKeys(user);\n            await driver.findElement({ id: 'pass' }).sendKeys('123456');",
                "err": {},
                "isRoot": false,
                "uuid": "2b047fea-b2ce-4e85-81ce-1ec89118e8fd",
                "parentUUID": "f0e6535e-ab90-495b-8ab5-93291822d8d3",
                "isHook": false,
                "skipped": false
              },
              {
                "title": "点击登录",
                "fullTitle": "hooks 登录功能 点击登录",
                "timedOut": false,
                "duration": 286,
                "state": "passed",
                "speed": "slow",
                "pass": true,
                "fail": false,
                "pending": false,
                "code": "async \n            await driver.findElement(By.css(\"#signin_form > div.form-actions > input\")).click();",
                "err": {},
                "isRoot": false,
                "uuid": "f70e13d8-1d05-459b-ad2c-a73a752d13a3",
                "parentUUID": "f0e6535e-ab90-495b-8ab5-93291822d8d3",
                "isHook": false,
                "skipped": false
              }
            ],
            "failures": [],
            "skipped": [],
            "hasBeforeHooks": false,
            "hasAfterHooks": false,
            "hasTests": true,
            "hasSuites": false,
            "totalTests": 4,
            "totalPasses": 4,
            "totalFailures": 0,
            "totalPending": 0,
            "totalSkipped": 0,
            "hasPasses": true,
            "hasFailures": false,
            "hasPending": false,
            "hasSkipped": false,
            "duration": 1187,
            "rootEmpty": false
          }
        ],
        "tests": [],
        "pending": [],
        "root": false,
        "_timeout": 2000,
        "file": "\\test.js",
        "uuid": "80eea9c5-b76e-4116-a2d7-3fa42c79968e",
        "beforeHooks": [],
        "afterHooks": [],
        "fullFile": "D:\\testing\\2017-09-10\\test.js",
        "passes": [],
        "failures": [],
        "skipped": [],
        "hasBeforeHooks": false,
        "hasAfterHooks": false,
        "hasTests": false,
        "hasSuites": true,
        "totalTests": 0,
        "totalPasses": 0,
        "totalFailures": 0,
        "totalPending": 0,
        "totalSkipped": 0,
        "hasPasses": false,
        "hasFailures": false,
        "hasPending": false,
        "hasSkipped": false,
        "duration": 0,
        "rootEmpty": false
      }
    ],
    "tests": [],
    "pending": [],
    "root": true,
    "_timeout": 2000,
    "uuid": "7e855b7e-919e-4618-b43a-3bdfd0271833",
    "beforeHooks": [],
    "afterHooks": [],
    "fullFile": "",
    "file": "",
    "passes": [],
    "failures": [],
    "skipped": [],
    "hasBeforeHooks": false,
    "hasAfterHooks": false,
    "hasTests": false,
    "hasSuites": true,
    "totalTests": 0,
    "totalPasses": 0,
    "totalFailures": 0,
    "totalPending": 0,
    "totalSkipped": 0,
    "hasPasses": false,
    "hasFailures": false,
    "hasPending": false,
    "hasSkipped": false,
    "duration": 0,
    "rootEmpty": true
  },
  "allTests": [
    {
      "title": "打开浏览器输入网址",
      "fullTitle": "test 打开浏览器输入网址",
      "timedOut": false,
      "duration": 1733,
      "state": "passed",
      "speed": "slow",
      "pass": true,
      "fail": false,
      "pending": false,
      "code": "async function () {\n            await driver.get(\"http://192.168.24.129:3000/\")\n            driver.sleep(3000)",
      "err": {},
      "isRoot": false,
      "uuid": "cada71c9-9e26-479a-924a-d66165970bfb",
      "parentUUID": "af610ace-e086-459b-a763-6f32380b6458",
      "isHook": false,
      "skipped": false
    },
    {
      "title": "点击注册",
      "fullTitle": "test 点击注册",
      "timedOut": false,
      "duration": 438,
      "state": "passed",
      "speed": "slow",
      "pass": true,
      "fail": false,
      "pending": false,
      "code": "async function () {\n            await driver.findElement({ linkText: '注册' }).click();",
      "err": {},
      "isRoot": false,
      "uuid": "3c9b9152-07b7-4df2-b2ed-503a29e55c51",
      "parentUUID": "af610ace-e086-459b-a763-6f32380b6458",
      "isHook": false,
      "skipped": false
    },
    {
      "title": "输入注册信息，修改数据库",
      "fullTitle": "test 输入注册信息，修改数据库",
      "timedOut": false,
      "duration": 1331,
      "state": "passed",
      "speed": "slow",
      "pass": true,
      "fail": false,
      "pending": false,
      "code": "async \n            let user = Date.now();\n            await driver.findElement({ id: 'loginname' }).sendKeys(user);\n            await driver.findElement({ id: 'pass' }).sendKeys('123456');\n            await driver.findElement({ id: 're_pass' }).sendKeys('123456');\n            await driver.findElement({ id: 'email' }).sendKeys(`${user}@domain.com`);\n            await driver.findElement({ className: 'span-primary' }).submit().then(() => {\n                MongoClient.connect(url, function (err, db) {\n                    assert.equal(null, err);\n                    console.log(\"Connected correctly to server\");\n                    let collection = db.collection(\"users\")\n                    collection.findOne({ name: `${user}` }, function (err, docs) {\n                        console.log(docs.name)\n                        assert.equal(err, null)\n                        assert.equal(`${user}`, docs.name)\n                    })\n                    collection.updateOne({ name: `${user}` }, { $set: { \"active\": true } }, function (err, docs) {\n                        assert.equal(null, err);\n                        // console.log(docs)\n                    })\n                    db.close();\n                });\n            });",
      "err": {},
      "isRoot": false,
      "uuid": "c1e15afe-3346-48d1-8f87-912253039d74",
      "parentUUID": "af610ace-e086-459b-a763-6f32380b6458",
      "isHook": false,
      "skipped": false
    },
    {
      "title": "打开首页",
      "fullTitle": "登录功能 打开首页",
      "timedOut": false,
      "duration": 350,
      "state": "passed",
      "speed": "slow",
      "pass": true,
      "fail": false,
      "pending": false,
      "code": "async \n            await driver.get('http://192.168.24.129:3000/');",
      "err": {},
      "isRoot": false,
      "uuid": "dee47812-5e45-4810-adbb-14275307b7fc",
      "parentUUID": "f0e6535e-ab90-495b-8ab5-93291822d8d3",
      "isHook": false,
      "skipped": false
    },
    {
      "title": "点击登录按钮",
      "fullTitle": "登录功能 点击登录按钮",
      "timedOut": false,
      "duration": 289,
      "state": "passed",
      "speed": "slow",
      "pass": true,
      "fail": false,
      "pending": false,
      "code": "async \n            await driver.findElement({ linkText: '登录' }).click();",
      "err": {},
      "isRoot": false,
      "uuid": "cbde205b-9bf9-4364-aa16-17ab9ea44f2f",
      "parentUUID": "f0e6535e-ab90-495b-8ab5-93291822d8d3",
      "isHook": false,
      "skipped": false
    },
    {
      "title": "输入用户名和密码",
      "fullTitle": "登录功能 输入用户名和密码",
      "timedOut": false,
      "duration": 262,
      "state": "passed",
      "speed": "slow",
      "pass": true,
      "fail": false,
      "pending": false,
      "code": "async \n            await driver.findElement({ id: 'name' }).sendKeys(user);\n            await driver.findElement({ id: 'pass' }).sendKeys('123456');",
      "err": {},
      "isRoot": false,
      "uuid": "2b047fea-b2ce-4e85-81ce-1ec89118e8fd",
      "parentUUID": "f0e6535e-ab90-495b-8ab5-93291822d8d3",
      "isHook": false,
      "skipped": false
    },
    {
      "title": "点击登录",
      "fullTitle": "登录功能 点击登录",
      "timedOut": false,
      "duration": 286,
      "state": "passed",
      "speed": "slow",
      "pass": true,
      "fail": false,
      "pending": false,
      "code": "async \n            await driver.findElement(By.css(\"#signin_form > div.form-actions > input\")).click();",
      "err": {},
      "isRoot": false,
      "uuid": "f70e13d8-1d05-459b-ad2c-a73a752d13a3",
      "parentUUID": "f0e6535e-ab90-495b-8ab5-93291822d8d3",
      "isHook": false,
      "skipped": false
    }
  ],
  "allPending": [],
  "allPasses": [
    {
      "title": "打开浏览器输入网址",
      "fullTitle": "test 打开浏览器输入网址",
      "timedOut": false,
      "duration": 1733,
      "state": "passed",
      "speed": "slow",
      "pass": true,
      "fail": false,
      "pending": false,
      "code": "async function () {\n            await driver.get(\"http://192.168.24.129:3000/\")\n            driver.sleep(3000)",
      "err": {},
      "isRoot": false,
      "uuid": "cada71c9-9e26-479a-924a-d66165970bfb",
      "parentUUID": "af610ace-e086-459b-a763-6f32380b6458",
      "isHook": false,
      "skipped": false
    },
    {
      "title": "点击注册",
      "fullTitle": "test 点击注册",
      "timedOut": false,
      "duration": 438,
      "state": "passed",
      "speed": "slow",
      "pass": true,
      "fail": false,
      "pending": false,
      "code": "async function () {\n            await driver.findElement({ linkText: '注册' }).click();",
      "err": {},
      "isRoot": false,
      "uuid": "3c9b9152-07b7-4df2-b2ed-503a29e55c51",
      "parentUUID": "af610ace-e086-459b-a763-6f32380b6458",
      "isHook": false,
      "skipped": false
    },
    {
      "title": "输入注册信息，修改数据库",
      "fullTitle": "test 输入注册信息，修改数据库",
      "timedOut": false,
      "duration": 1331,
      "state": "passed",
      "speed": "slow",
      "pass": true,
      "fail": false,
      "pending": false,
      "code": "async \n            let user = Date.now();\n            await driver.findElement({ id: 'loginname' }).sendKeys(user);\n            await driver.findElement({ id: 'pass' }).sendKeys('123456');\n            await driver.findElement({ id: 're_pass' }).sendKeys('123456');\n            await driver.findElement({ id: 'email' }).sendKeys(`${user}@domain.com`);\n            await driver.findElement({ className: 'span-primary' }).submit().then(() => {\n                MongoClient.connect(url, function (err, db) {\n                    assert.equal(null, err);\n                    console.log(\"Connected correctly to server\");\n                    let collection = db.collection(\"users\")\n                    collection.findOne({ name: `${user}` }, function (err, docs) {\n                        console.log(docs.name)\n                        assert.equal(err, null)\n                        assert.equal(`${user}`, docs.name)\n                    })\n                    collection.updateOne({ name: `${user}` }, { $set: { \"active\": true } }, function (err, docs) {\n                        assert.equal(null, err);\n                        // console.log(docs)\n                    })\n                    db.close();\n                });\n            });",
      "err": {},
      "isRoot": false,
      "uuid": "c1e15afe-3346-48d1-8f87-912253039d74",
      "parentUUID": "af610ace-e086-459b-a763-6f32380b6458",
      "isHook": false,
      "skipped": false
    },
    {
      "title": "打开首页",
      "fullTitle": "登录功能 打开首页",
      "timedOut": false,
      "duration": 350,
      "state": "passed",
      "speed": "slow",
      "pass": true,
      "fail": false,
      "pending": false,
      "code": "async \n            await driver.get('http://192.168.24.129:3000/');",
      "err": {},
      "isRoot": false,
      "uuid": "dee47812-5e45-4810-adbb-14275307b7fc",
      "parentUUID": "f0e6535e-ab90-495b-8ab5-93291822d8d3",
      "isHook": false,
      "skipped": false
    },
    {
      "title": "点击登录按钮",
      "fullTitle": "登录功能 点击登录按钮",
      "timedOut": false,
      "duration": 289,
      "state": "passed",
      "speed": "slow",
      "pass": true,
      "fail": false,
      "pending": false,
      "code": "async \n            await driver.findElement({ linkText: '登录' }).click();",
      "err": {},
      "isRoot": false,
      "uuid": "cbde205b-9bf9-4364-aa16-17ab9ea44f2f",
      "parentUUID": "f0e6535e-ab90-495b-8ab5-93291822d8d3",
      "isHook": false,
      "skipped": false
    },
    {
      "title": "输入用户名和密码",
      "fullTitle": "登录功能 输入用户名和密码",
      "timedOut": false,
      "duration": 262,
      "state": "passed",
      "speed": "slow",
      "pass": true,
      "fail": false,
      "pending": false,
      "code": "async \n            await driver.findElement({ id: 'name' }).sendKeys(user);\n            await driver.findElement({ id: 'pass' }).sendKeys('123456');",
      "err": {},
      "isRoot": false,
      "uuid": "2b047fea-b2ce-4e85-81ce-1ec89118e8fd",
      "parentUUID": "f0e6535e-ab90-495b-8ab5-93291822d8d3",
      "isHook": false,
      "skipped": false
    },
    {
      "title": "点击登录",
      "fullTitle": "登录功能 点击登录",
      "timedOut": false,
      "duration": 286,
      "state": "passed",
      "speed": "slow",
      "pass": true,
      "fail": false,
      "pending": false,
      "code": "async \n            await driver.findElement(By.css(\"#signin_form > div.form-actions > input\")).click();",
      "err": {},
      "isRoot": false,
      "uuid": "f70e13d8-1d05-459b-ad2c-a73a752d13a3",
      "parentUUID": "f0e6535e-ab90-495b-8ab5-93291822d8d3",
      "isHook": false,
      "skipped": false
    }
  ],
  "allFailures": [],
  "copyrightYear": 2017
}